{
  "stats": {
    "suites": 10,
    "tests": 23,
    "passes": 23,
    "pending": 0,
    "failures": 0,
    "testsRegistered": 23,
    "passPercent": 100,
    "pendingPercent": 0,
    "other": 0,
    "hasOther": false,
    "skipped": 0,
    "hasSkipped": false,
    "start": "2024-04-25T16:01:57.022Z",
    "end": "2024-04-25T16:04:43.181Z",
    "duration": 166159
  },
  "results": [
    {
      "uuid": "4d65bbb7-bb2f-422a-b598-b4a677ac7f11",
      "title": "",
      "fullFile": "cypress/e2e/apiTest.spec.js",
      "file": "cypress/e2e/apiTest.spec.js",
      "beforeHooks": [],
      "afterHooks": [],
      "tests": [],
      "suites": [
        {
          "uuid": "31c3150c-00df-4f03-a123-e4e334901ad0",
          "title": "api test with request",
          "fullFile": "",
          "file": "",
          "beforeHooks": [],
          "afterHooks": [],
          "tests": [
            {
              "title": "api test",
              "fullTitle": "api test with request api test",
              "timedOut": null,
              "duration": 1037,
              "state": "passed",
              "speed": "fast",
              "pass": true,
              "fail": false,
              "pending": false,
              "context": null,
              "code": "cy.request(\"POST\", \"http://216.10.245.166/Library/Addbook.php\", {\n  name: \"Learn Appium Automation with Java\",\n  isbn: \"bcdsss\",\n  aisle: \"22s7\",\n  author: \"Robin Smith\"\n}).then(response => {\n  expect(response.body).to.have.property(\"Msg\", \"successfully added\");\n  expect(response.status).to.eq(200);\n});",
              "err": {},
              "uuid": "d3c6182f-2f89-466c-a9f2-68bff3ab433c",
              "parentUUID": "31c3150c-00df-4f03-a123-e4e334901ad0",
              "isHook": false,
              "skipped": false
            }
          ],
          "suites": [],
          "passes": [
            "d3c6182f-2f89-466c-a9f2-68bff3ab433c"
          ],
          "failures": [],
          "pending": [],
          "skipped": [],
          "duration": 1037,
          "root": false,
          "rootEmpty": false,
          "_timeout": 2000
        }
      ],
      "passes": [],
      "failures": [],
      "pending": [],
      "skipped": [],
      "duration": 0,
      "root": true,
      "rootEmpty": true,
      "_timeout": 2000
    },
    {
      "uuid": "ae5d38d2-3ed7-4da7-a7c7-e9be6b1ef0d4",
      "title": "",
      "fullFile": "cypress/e2e/excel.spec.js",
      "file": "cypress/e2e/excel.spec.js",
      "beforeHooks": [],
      "afterHooks": [],
      "tests": [],
      "suites": [
        {
          "uuid": "b3315479-bc7a-4eef-90e9-17a5ae330732",
          "title": "JWT Session",
          "fullFile": "",
          "file": "",
          "beforeHooks": [],
          "afterHooks": [],
          "tests": [
            {
              "title": "is logged in through local storage",
              "fullTitle": "JWT Session is logged in through local storage",
              "timedOut": null,
              "duration": 159,
              "state": "passed",
              "speed": "fast",
              "pass": true,
              "fail": false,
              "pending": false,
              "context": null,
              "code": "cy.LoginAPI().then(() => {\n  cy.visit(\"https://rahulshettyacademy.com/client\", {\n    onBeforeLoad: function (window) {\n      window.localStorage.setItem(\"token\", Cypress.env(\"token\"));\n    }\n  });\n});\ncy.get(\".card-body b\").eq(1).then(ele => {\n  productName = ele.text();\n});\ncy.get(\".card-body button:last-child\").eq(1).click();\ncy.get(\"[routerlink*=cart]\").click();\ncy.contains(\"Checkout\").click();\ncy.get(\"[placeholder*='Country']\").type(\"ind\");\ncy.get(\".ta-results button\").each(($el, index, $list) => {\n  const text = $el.text().trim();\n  if (text.includes(\"Indonesia\")) {\n    cy.wrap($el).click();\n  }\n});\ncy.get(\".action__submit\").click();\ncy.wait(2000);\ncy.get(\".order-summary button\").contains(\"Excel\").click();\nconst filePath = Cypress.config(\"fileServerFolder\") + \"/cypress/downloads/order-invoice_test12.q.xlsx\";\ncy.task(\"excelToJsonConverter\", filePath).then(function (result) {\n  console.log(result);\n  console.log(result.data[1].A);\n  expect(productName).to.equal(result.data[1].B);\n});\ncy.readFile(filePath).then(text => {\n  expect(text).to.include(productName);\n});\n// Browser (engine) - Js code  -> client side environment (front) - cypress\n// Node (engine) - Js code -> Back end applications/environment\n// Accessing files - fs, databasesaccess\n// Task(file, db) -> config.js",
              "err": {},
              "uuid": "5b885174-8449-4c2d-854c-a98d722d5857",
              "parentUUID": "b3315479-bc7a-4eef-90e9-17a5ae330732",
              "isHook": false,
              "skipped": false
            }
          ],
          "suites": [],
          "passes": [
            "5b885174-8449-4c2d-854c-a98d722d5857"
          ],
          "failures": [],
          "pending": [],
          "skipped": [],
          "duration": 159,
          "root": false,
          "rootEmpty": false,
          "_timeout": 2000
        }
      ],
      "passes": [],
      "failures": [],
      "pending": [],
      "skipped": [],
      "duration": 0,
      "root": true,
      "rootEmpty": true,
      "_timeout": 2000
    },
    {
      "uuid": "000241c3-449c-434e-a91c-345facc50853",
      "title": "",
      "fullFile": "cypress/e2e/fake_api.spec.js",
      "file": "cypress/e2e/fake_api.spec.js",
      "beforeHooks": [],
      "afterHooks": [],
      "tests": [],
      "suites": [
        {
          "uuid": "17d8574a-74e4-4480-8571-fbec3ff90790",
          "title": "Api intercept",
          "fullFile": "",
          "file": "",
          "beforeHooks": [],
          "afterHooks": [],
          "tests": [
            {
              "title": "api test",
              "fullTitle": "Api intercept api test",
              "timedOut": null,
              "duration": 2865,
              "state": "passed",
              "speed": "fast",
              "pass": true,
              "fail": false,
              "pending": false,
              "context": null,
              "code": "cy.visit(\"https://rahulshettyacademy.com/angularAppdemo/\");\ncy.intercept({\n  method: \"GET\",\n  url: \"https://rahulshettyacademy.com/Library/GetBook.php?AuthorName=shetty\"\n}, {\n  statusCode: 200,\n  body: [{\n    book_name: \"RestAssured with Java\",\n    isbn: \"RSU\",\n    aisle: \"2301\"\n  }]\n}).as(\"bookretrievals\");\ncy.get(\".btn-primary\").click();\ncy.wait(\"@bookretrievals\").then(({\n  request,\n  response\n}) => {\n  cy.get(\"tr\").should(\"have.length\", response.body.length + 1);\n});\ncy.get(\"p\").should(\"have.text\", \"Oops only 1 Book available\");",
              "err": {},
              "uuid": "881dc445-9bd7-43e7-a13d-544030f41e2e",
              "parentUUID": "17d8574a-74e4-4480-8571-fbec3ff90790",
              "isHook": false,
              "skipped": false
            }
          ],
          "suites": [],
          "passes": [
            "881dc445-9bd7-43e7-a13d-544030f41e2e"
          ],
          "failures": [],
          "pending": [],
          "skipped": [],
          "duration": 2865,
          "root": false,
          "rootEmpty": false,
          "_timeout": 2000
        }
      ],
      "passes": [],
      "failures": [],
      "pending": [],
      "skipped": [],
      "duration": 0,
      "root": true,
      "rootEmpty": true,
      "_timeout": 2000
    },
    {
      "uuid": "8f5059cc-edde-4618-8a2f-1b3bfd27e9fb",
      "title": "",
      "fullFile": "cypress/e2e/pracrice.spec.js",
      "file": "cypress/e2e/pracrice.spec.js",
      "beforeHooks": [],
      "afterHooks": [],
      "tests": [],
      "suites": [
        {
          "uuid": "385338a5-235f-4879-a2e7-1c9268d5a5d0",
          "title": "Actions",
          "fullFile": "",
          "file": "",
          "beforeHooks": [],
          "afterHooks": [],
          "tests": [
            {
              "title": "trigger a range input (slider)",
              "fullTitle": "Actions trigger a range input (slider)",
              "timedOut": null,
              "duration": 608,
              "state": "passed",
              "speed": "fast",
              "pass": true,
              "fail": false,
              "pending": false,
              "context": null,
              "code": "cy.visit(\"https://example.cypress.io/commands/actions\");\ncy.get(\".trigger-input-range\").invoke(\"val\", 100).trigger(\"change\").get(\"input[type=range]\").siblings(\"p\").should(\"have.text\", \"100\");",
              "err": {},
              "uuid": "e41ef2e5-4a0b-4f0a-991a-2ec16812878c",
              "parentUUID": "385338a5-235f-4879-a2e7-1c9268d5a5d0",
              "isHook": false,
              "skipped": false
            },
            {
              "title": ".as() - alias a route for later use",
              "fullTitle": "Actions .as() - alias a route for later use",
              "timedOut": null,
              "duration": 595,
              "state": "passed",
              "speed": "fast",
              "pass": true,
              "fail": false,
              "pending": false,
              "context": null,
              "code": "cy.visit(\"https://example.cypress.io/commands/aliasing\");\ncy.intercept(\"GET\", \"**/comments/*\").as(\"getComment\");\ncy.get(\"button.network-btn\").click();\ncy.wait(\"@getComment\").its(\"response.statusCode\").should(\"eq\", 200);",
              "err": {},
              "uuid": "9edcb1f3-a71f-4f9a-b125-dff45dfa4bcf",
              "parentUUID": "385338a5-235f-4879-a2e7-1c9268d5a5d0",
              "isHook": false,
              "skipped": false
            },
            {
              "title": "cy.getCookies() - get browser cookies",
              "fullTitle": "Actions cy.getCookies() - get browser cookies",
              "timedOut": null,
              "duration": 270,
              "state": "passed",
              "speed": "fast",
              "pass": true,
              "fail": false,
              "pending": false,
              "context": null,
              "code": "cy.visit(\"https://example.cypress.io/commands/cookies\");\ncy.get(\"#getCookies .set-a-cookie\").click();\ncy.getCookies().should(\"have.length\", 1).should(cookies => {\n  expect(cookies[0]).to.have.property(\"name\", \"token\");\n  expect(cookies[0]).to.have.property(\"value\", \"123ABC\");\n});\ncy.clearCookies();\ncy.getCookies().should(\"be.empty\");",
              "err": {},
              "uuid": "8a895399-0832-45a1-9899-29f65e6443dc",
              "parentUUID": "385338a5-235f-4879-a2e7-1c9268d5a5d0",
              "isHook": false,
              "skipped": false
            },
            {
              "title": "cy.request() - pass result to the second request",
              "fullTitle": "Actions cy.request() - pass result to the second request",
              "timedOut": null,
              "duration": 282,
              "state": "passed",
              "speed": "fast",
              "pass": true,
              "fail": false,
              "pending": false,
              "context": null,
              "code": "cy.request(\"https://jsonplaceholder.cypress.io/users?_limit=1\").its(\"body\").its(\"0\").then(user => {\n  expect(user).property(\"id\").to.be.a(\"number\");\n  cy.request(\"POST\", \"https://jsonplaceholder.cypress.io/posts\", {\n    userId: user.id,\n    title: \"Cypress Test Runner\",\n    body: \"Fast, easy and reliable testing for anything that runs in a browser.\"\n  });\n}).then(response => {\n  expect(response).property(\"status\").to.equal(201);\n  expect(response).property(\"body\").to.contain({\n    title: \"Cypress Test Runner\"\n  });\n  expect(response.body).property(\"id\").to.be.a(\"number\").and.to.be.gt(100);\n  expect(response.body).property(\"userId\").to.be.a(\"number\");\n});",
              "err": {},
              "uuid": "a6ab5d84-942f-41ad-b3bf-7df3bf9e7875",
              "parentUUID": "385338a5-235f-4879-a2e7-1c9268d5a5d0",
              "isHook": false,
              "skipped": false
            }
          ],
          "suites": [],
          "passes": [
            "e41ef2e5-4a0b-4f0a-991a-2ec16812878c",
            "9edcb1f3-a71f-4f9a-b125-dff45dfa4bcf",
            "8a895399-0832-45a1-9899-29f65e6443dc",
            "a6ab5d84-942f-41ad-b3bf-7df3bf9e7875"
          ],
          "failures": [],
          "pending": [],
          "skipped": [],
          "duration": 1755,
          "root": false,
          "rootEmpty": false,
          "_timeout": 2000
        }
      ],
      "passes": [],
      "failures": [],
      "pending": [],
      "skipped": [],
      "duration": 0,
      "root": true,
      "rootEmpty": true,
      "_timeout": 2000
    },
    {
      "uuid": "9a9edc00-4fa8-4b18-b159-0a2deaecc132",
      "title": "",
      "fullFile": "cypress/e2e/session.spec.js",
      "file": "cypress/e2e/session.spec.js",
      "beforeHooks": [],
      "afterHooks": [],
      "tests": [],
      "suites": [
        {
          "uuid": "9be7d8cf-2fb9-49ce-a37e-6527cd764eb3",
          "title": "JWT Session",
          "fullFile": "",
          "file": "",
          "beforeHooks": [],
          "afterHooks": [],
          "tests": [
            {
              "title": "is logged in through local storage",
              "fullTitle": "JWT Session is logged in through local storage",
              "timedOut": null,
              "duration": 53,
              "state": "passed",
              "speed": "fast",
              "pass": true,
              "fail": false,
              "pending": false,
              "context": null,
              "code": "cy.LoginAPI().then(() => {\n  cy.visit(\"https://rahulshettyacademy.com/client\", {\n    onBeforeLoad: function (window) {\n      window.localStorage.setItem(\"token\", Cypress.env(\"token\"));\n    }\n  });\n});\ncy.get(\".card-body b\").eq(1).then(ele => {\n  productName = ele.text();\n});\ncy.get(\".card-body button:last-child\").eq(1).click();\ncy.get(\"[routerlink*=cart]\").click();\ncy.contains(\"Checkout\").click();\ncy.get(\"[placeholder*='Country']\").type(\"ind\");\ncy.get(\".ta-results button\").each(($el, index, $list) => {\n  const text = $el.text().trim();\n  if (text.includes(\"Indonesia\")) {\n    cy.wrap($el).click();\n  }\n});\ncy.get(\".action__submit\").click();\ncy.wait(2000);\ncy.get(\".order-summary button\").first().click();\ncy.readFile(Cypress.config(\"fileServerFolder\") + \"/cypress/downloads/order-invoice_test12.q.csv\").then(async function (text) {\n  const csv = await neatCSV(text);\n  console.log(csv);\n  const actualProductCSV = csv[0][\"Product Name\"];\n  expect(productName).to.equal(actualProductCSV);\n  const address = csv[0].Address;\n  cy.log(address);\n  const price = csv[0][\"Product Price\"];\n  cy.log(price);\n});",
              "err": {},
              "uuid": "f93b41e2-92fc-4d44-adf0-769667264b57",
              "parentUUID": "9be7d8cf-2fb9-49ce-a37e-6527cd764eb3",
              "isHook": false,
              "skipped": false
            }
          ],
          "suites": [],
          "passes": [
            "f93b41e2-92fc-4d44-adf0-769667264b57"
          ],
          "failures": [],
          "pending": [],
          "skipped": [],
          "duration": 53,
          "root": false,
          "rootEmpty": false,
          "_timeout": 2000
        }
      ],
      "passes": [],
      "failures": [],
      "pending": [],
      "skipped": [],
      "duration": 0,
      "root": true,
      "rootEmpty": true,
      "_timeout": 2000
    },
    {
      "uuid": "c94c8ca1-3c72-4825-b5cd-614b4ad5d114",
      "title": "",
      "fullFile": "cypress/e2e/2test.spec.js",
      "file": "cypress/e2e/2test.spec.js",
      "beforeHooks": [],
      "afterHooks": [],
      "tests": [],
      "suites": [
        {
          "uuid": "144d7d03-218d-4b9a-a02f-05646b7e3af0",
          "title": "My test suite",
          "fullFile": "",
          "file": "",
          "beforeHooks": [],
          "afterHooks": [],
          "tests": [
            {
              "title": "Purchased product",
              "fullTitle": "My test suite Purchased product",
              "timedOut": null,
              "duration": 13169,
              "state": "passed",
              "speed": "slow",
              "pass": true,
              "fail": false,
              "pending": false,
              "context": null,
              "code": "cy.visit(\"https://rahulshettyacademy.com/angularpractice/\");\ncy.fixture(\"example\").then(data => {\n  _HomePage.onHomePage.getEditBox().type(data.name);\n  _HomePage.onHomePage.getGender().select(data.gender);\n  _HomePage.onHomePage.getTwoWayDataBinding().should(\"have.value\", \"bob\");\n  _HomePage.onHomePage.getMinLength().should(\"have.attr\", \"minlength\", \"2\");\n  _HomePage.onHomePage.getEnterpreneurRadio().should(\"be.visible\");\n  _HomePage.onHomePage.getShopTab().click();\n  data.productName.forEach(element => {\n    cy.selectProduct(element);\n  });\n  _ShopPage.onShopPage.getCheckout().click({\n    force: true\n  });\n  _ShopPage.onShopPage.productTotal();\n  _CheckoutPage.onCheckoutPage.getCartCheckOut().click();\n  _CheckoutPage.onCheckoutPage.getLocation();\n});",
              "err": {},
              "uuid": "a307416d-8b26-413d-93e9-7b5e94849234",
              "parentUUID": "144d7d03-218d-4b9a-a02f-05646b7e3af0",
              "isHook": false,
              "skipped": false
            },
            {
              "title": "child window 2nd test with target attribute",
              "fullTitle": "My test suite child window 2nd test with target attribute",
              "timedOut": null,
              "duration": 3728,
              "state": "passed",
              "speed": "fast",
              "pass": true,
              "fail": false,
              "pending": false,
              "context": null,
              "code": "_ChildWindowPage.onChildWindowPage.getChildWindowAndBack();",
              "err": {},
              "uuid": "90086fba-323d-4326-bc67-06b38bed7f45",
              "parentUUID": "144d7d03-218d-4b9a-a02f-05646b7e3af0",
              "isHook": false,
              "skipped": false
            },
            {
              "title": "scan the table then select the python and price",
              "fullTitle": "My test suite scan the table then select the python and price",
              "timedOut": null,
              "duration": 16362,
              "state": "passed",
              "speed": "slow",
              "pass": true,
              "fail": false,
              "pending": false,
              "context": null,
              "code": "_TablePage.onTablePage.scanTableRow();",
              "err": {},
              "uuid": "c7b1e8a7-28a5-4921-9f65-639b5ef90975",
              "parentUUID": "144d7d03-218d-4b9a-a02f-05646b7e3af0",
              "isHook": false,
              "skipped": false
            },
            {
              "title": "scan the table then select the SQL and price",
              "fullTitle": "My test suite scan the table then select the SQL and price",
              "timedOut": null,
              "duration": 4490,
              "state": "passed",
              "speed": "fast",
              "pass": true,
              "fail": false,
              "pending": false,
              "context": null,
              "code": "_TablePage.onTablePage.scanSqlRow();",
              "err": {},
              "uuid": "7537511c-ea0b-4fed-b55a-23b2d0aa5d6b",
              "parentUUID": "144d7d03-218d-4b9a-a02f-05646b7e3af0",
              "isHook": false,
              "skipped": false
            }
          ],
          "suites": [],
          "passes": [
            "a307416d-8b26-413d-93e9-7b5e94849234",
            "90086fba-323d-4326-bc67-06b38bed7f45",
            "c7b1e8a7-28a5-4921-9f65-639b5ef90975",
            "7537511c-ea0b-4fed-b55a-23b2d0aa5d6b"
          ],
          "failures": [],
          "pending": [],
          "skipped": [],
          "duration": 37749,
          "root": false,
          "rootEmpty": false,
          "_timeout": 2000
        }
      ],
      "passes": [],
      "failures": [],
      "pending": [],
      "skipped": [],
      "duration": 0,
      "root": true,
      "rootEmpty": true,
      "_timeout": 2000
    },
    {
      "uuid": "7553d997-0f5f-428c-ad0e-e9883512fcc6",
      "title": "",
      "fullFile": "cypress/e2e/test.spec.js",
      "file": "cypress/e2e/test.spec.js",
      "beforeHooks": [],
      "afterHooks": [],
      "tests": [],
      "suites": [
        {
          "uuid": "9bdf2785-930e-4e3e-9c30-644e21a83619",
          "title": "My second test suite",
          "fullFile": "",
          "file": "",
          "beforeHooks": [],
          "afterHooks": [],
          "tests": [
            {
              "title": "Child window one ",
              "fullTitle": "My second test suite Child window one ",
              "timedOut": null,
              "duration": 14031,
              "state": "passed",
              "speed": "slow",
              "pass": true,
              "fail": false,
              "pending": false,
              "context": null,
              "code": "cy.visit(\"/\");\ncy.get(\"#opentab\").then(el => {\n  const url = el.prop(\"href\");\n  cy.log(url);\n  cy.visit(url);\n});",
              "err": {},
              "uuid": "07334db5-a1de-4434-b4cb-4684620d45ff",
              "parentUUID": "9bdf2785-930e-4e3e-9c30-644e21a83619",
              "isHook": false,
              "skipped": false
            },
            {
              "title": "Child window two",
              "fullTitle": "My second test suite Child window two",
              "timedOut": null,
              "duration": 1346,
              "state": "passed",
              "speed": "fast",
              "pass": true,
              "fail": false,
              "pending": false,
              "context": null,
              "code": "cy.visit(\"https://the-internet.herokuapp.com/\");\ncy.get('a[href=\"/windows\"]').click();\ncy.get('a[href=\"/windows/new\"]').invoke(\"removeAttr\", \"target\").click();\ncy.url().should(\"include\", \"new\");\ncy.go(\"back\");\ncy.url().should(\"contain\", \"https://the-internet.herokuapp.com/windows\");",
              "err": {},
              "uuid": "4503dcaf-29e4-4ba7-b509-ade64c5e9832",
              "parentUUID": "9bdf2785-930e-4e3e-9c30-644e21a83619",
              "isHook": false,
              "skipped": false
            },
            {
              "title": "upload test file",
              "fullTitle": "My second test suite upload test file",
              "timedOut": null,
              "duration": 771,
              "state": "passed",
              "speed": "fast",
              "pass": true,
              "fail": false,
              "pending": false,
              "context": null,
              "code": "cy.visit(\"https://the-internet.herokuapp.com/\");\ncy.get('a[href=\"/upload\"]').click();\ncy.get(\"#file-upload\").selectFile(\"/Users/mohammadrahman/upload.docx\");\ncy.get(\"#file-submit\").click();\ncy.get(\"#uploaded-files\").then(info => {\n  const text = info.text().trim();\n  expect(text).to.equal(\"upload.docx\");\n  cy.get(\"h3\").should(\"contain.text\", \"File Uploaded!\");\n});\nit(\"iFrame test\", () => {\n  cy.visit(\"/\");\n  cy.frameLoaded(\"#courses-iframe\");\n  cy.iframe().find('a[href*=\"mentorship\"]').eq(0).click();\n  cy.iframe().get(\".blinkingText\").scrollIntoView().should(\"be.visible\");\n  //cy.iframe().contains(\"Limited offer - Get Any 4 Courses for FREE by opting into Platinum Mentorship Subscription\").should(\"be.visible\");\n  cy.iframe().get(\"#courses-iframe\").should($len => {\n    expect($len).to.have.length(1);\n  });\n});\nit(\"Alert message\", () => {\n  cy.visit(\"/\");\n  cy.get(\"#alertbtn\").click();\n  cy.on(\"window:alert\", str => {\n    expect(str).to.equal(\"Hello , share this practice page and share your knowledge\");\n    cy.get('[value=\"Confirm\"]').click();\n  });\n  cy.get('[value=\"Confirm\"]').click();\n  cy.on(\"window:confirm\", str => {\n    expect(str).to.equal(\"Hello , Are you sure you want to confirm?\");\n  });\n});\nit(\"scan from table and find python course and price \", () => {\n  cy.visit(\"/\");\n  cy.get(\"tr td:nth-child(2)\").each(($el, index, $list) => {\n    const text = $el.text();\n    if (text.includes(\"Python\")) {\n      cy.get(\"tr td:nth-child(2)\").eq(index).next().then(price => {\n        const priceText = price.text();\n        expect(priceText).to.equal(\"25\");\n      });\n    }\n  });\n});\nit(\"Scan table for selenium\", () => {\n  cy.visit(\"/\");\n  cy.get(\"tr td:nth-child(2)\").each((el, index, list) => {\n    const text = el.text();\n    if (text.includes(\"Selenium\")) {\n      cy.get(\"tr td:nth-child(1)\").eq(index).then(author => {\n        const authorName = author.text();\n        expect(authorName).to.equal(\"Rahul Shetty\");\n      });\n    }\n  });\n});\nit.only(\"Scan table for Kolkata\", () => {\n  cy.visit(\"/\");\n  cy.get(\"tr td:nth-child(3)\").each((el, index, list) => {\n    const text = el.text();\n    if (text.includes(\"Kolkata\")) {\n      cy.get(\"tr td:nth-child(1)\").eq(index).then(name => {\n        const authorName = name.text();\n        expect(authorName).to.equal(\"Dwayne\");\n      });\n    }\n  });\n});\nit(\"scan from table find Resume and price\", () => {\n  cy.visit(\"/\");\n  cy.get(\"tr td:nth-child(2)\").each((el, index, list) => {\n    const text = el.text();\n    if (text.includes(\"JMETER\")) {\n      cy.get(\"tr td:nth-child(1)\").eq(index).then(author => {\n        const authorName = author.text();\n        expect(authorName).to.equal(\"Rahul Shetty\");\n      });\n    }\n  });\n});\nit(\"scan from table and find Jack for engineer instructor\", () => {\n  cy.visit(\"/\");\n  cy.contains(\"Web Table Fixed header\").should(\"be.visible\");\n  cy.get(\"tr td:nth-child(1)\").each((el, index, list) => {\n    const text = el.text();\n    if (text.includes(\"Jack\")) {\n      cy.get(\"tr td:nth-child(1)\").eq(index).then(author => {\n        const authorName = author.text();\n        expect(authorName).to.include(\"Jack\");\n      });\n    }\n  });\n});\nit(\"scan from table and find Ivory for Receptionist name\", () => {\n  cy.visit(\"/\");\n  cy.contains(\"Web Table Fixed header\").should(\"be.visible\");\n  cy.get(\"tr td:nth-child(1)\").each((el, index, list) => {\n    const text = el.text();\n    if (text.includes(\"Ivory\")) {\n      cy.get(\"tr td:nth-child(1)\").eq(index).then(name => {\n        const nameText = name.text();\n        expect(nameText).to.be.equal(\"Ivory\");\n      });\n    }\n  });\n});\nit(\"scan from table and find Smith Cricketer city\", () => {\n  cy.visit(\"/\");\n  cy.get(\"tr td:nth-child(1)\").each((el, index, list) => {\n    const text = el.text();\n    if (text.includes(\"Smith\")) {\n      cy.get(\"tr td:nth-child(3)\").eq(index).then(city => {\n        const cityName = city.text();\n        expect(cityName).to.include(\"Delhi\");\n      });\n    }\n  });\n});\nit(\"mouse over\", () => {\n  cy.visit(\"/\");\n  cy.get(\"div.mouse-hover-content\").invoke(\"show\");\n  cy.contains(\"Top\").click();\n  cy.url().should(\"include\", \"top\");\n});\nit(\"Force true hidden element\", () => {\n  cy.visit(\"/\");\n  cy.contains(\"Top\").click({\n    force: true\n  });\n  cy.url().should(\"include\", \"top\");\n});",
              "err": {},
              "uuid": "8dff00f8-c436-4e02-9c62-4a49fe61165e",
              "parentUUID": "9bdf2785-930e-4e3e-9c30-644e21a83619",
              "isHook": false,
              "skipped": false
            }
          ],
          "suites": [],
          "passes": [
            "07334db5-a1de-4434-b4cb-4684620d45ff",
            "4503dcaf-29e4-4ba7-b509-ade64c5e9832",
            "8dff00f8-c436-4e02-9c62-4a49fe61165e"
          ],
          "failures": [],
          "pending": [],
          "skipped": [],
          "duration": 16148,
          "root": false,
          "rootEmpty": false,
          "_timeout": 2000
        }
      ],
      "passes": [],
      "failures": [],
      "pending": [],
      "skipped": [],
      "duration": 0,
      "root": true,
      "rootEmpty": true,
      "_timeout": 2000
    },
    {
      "uuid": "53fcca23-d709-4970-9579-e1902cfebe24",
      "title": "",
      "fullFile": "cypress/e2e/test3.spec.js",
      "file": "cypress/e2e/test3.spec.js",
      "beforeHooks": [],
      "afterHooks": [],
      "tests": [],
      "suites": [
        {
          "uuid": "c771ca07-6f78-4a47-87be-f921ffa0fec8",
          "title": "Suite one",
          "fullFile": "",
          "file": "",
          "beforeHooks": [],
          "afterHooks": [],
          "tests": [
            {
              "title": "child window open",
              "fullTitle": "Suite one child window open",
              "timedOut": null,
              "duration": 16512,
              "state": "passed",
              "speed": "slow",
              "pass": true,
              "fail": false,
              "pending": false,
              "context": null,
              "code": "cy.visit(\"/\");\ncy.get(\"#opentab\").then(el => {\n  const url = el.prop(\"href\");\n  cy.log(url);\n  cy.visit(url);\n  cy.wait(3000);\n});",
              "err": {},
              "uuid": "9cf4e4a8-3405-47f6-8990-f675c1a811c2",
              "parentUUID": "c771ca07-6f78-4a47-87be-f921ffa0fec8",
              "isHook": false,
              "skipped": false
            },
            {
              "title": "child window 2nd test with target attribute",
              "fullTitle": "Suite one child window 2nd test with target attribute",
              "timedOut": null,
              "duration": 1225,
              "state": "passed",
              "speed": "fast",
              "pass": true,
              "fail": false,
              "pending": false,
              "context": null,
              "code": "cy.visit(\"https://the-internet.herokuapp.com/\");\ncy.get('a[href=\"/windows\"]').click();\ncy.get('a[href=\"/windows/new\"]').invoke(\"removeAttr\", \"target\").click();\ncy.url().should(\"include\", \"new\");\ncy.go(\"back\");\ncy.url().should(\"contain\", \"https://the-internet.herokuapp.com/windows\");",
              "err": {},
              "uuid": "7079ba39-00e5-43ea-accf-abf48c8239fc",
              "parentUUID": "c771ca07-6f78-4a47-87be-f921ffa0fec8",
              "isHook": false,
              "skipped": false
            }
          ],
          "suites": [],
          "passes": [
            "9cf4e4a8-3405-47f6-8990-f675c1a811c2",
            "7079ba39-00e5-43ea-accf-abf48c8239fc"
          ],
          "failures": [],
          "pending": [],
          "skipped": [],
          "duration": 17737,
          "root": false,
          "rootEmpty": false,
          "_timeout": 2000
        }
      ],
      "passes": [],
      "failures": [],
      "pending": [],
      "skipped": [],
      "duration": 0,
      "root": true,
      "rootEmpty": true,
      "_timeout": 2000
    },
    {
      "uuid": "db5b76e2-2ef4-44d1-b706-334676a4f131",
      "title": "",
      "fullFile": "cypress/e2e/tsk.spec.js",
      "file": "cypress/e2e/tsk.spec.js",
      "beforeHooks": [],
      "afterHooks": [],
      "tests": [],
      "suites": [
        {
          "uuid": "10f08473-4083-48f3-a039-ebd8891f342b",
          "title": "Href visit",
          "fullFile": "",
          "file": "",
          "beforeHooks": [],
          "afterHooks": [],
          "tests": [
            {
              "title": "captures href",
              "fullTitle": "Href visit captures href",
              "timedOut": null,
              "duration": 484,
              "state": "passed",
              "speed": "fast",
              "pass": true,
              "fail": false,
              "pending": false,
              "context": null,
              "code": "cy.visit(\"https://example.cypress.io\");\ncy.get(\"a\").invoke(\"attr\", \"href\").then(href => {\n  cy.task(\"setHref\", href);\n});",
              "err": {},
              "uuid": "b90a460d-bae2-44f5-8cb1-4eabb44a1be8",
              "parentUUID": "10f08473-4083-48f3-a039-ebd8891f342b",
              "isHook": false,
              "skipped": false
            },
            {
              "title": "visit href",
              "fullTitle": "Href visit visit href",
              "timedOut": null,
              "duration": 8914,
              "state": "passed",
              "speed": "medium",
              "pass": true,
              "fail": false,
              "pending": false,
              "context": null,
              "code": "cy.task(\"getHref\").then(href => {\n  cy.visit(href);\n});",
              "err": {},
              "uuid": "8bf3e3ce-4ad3-4155-9fee-d5f08846df1e",
              "parentUUID": "10f08473-4083-48f3-a039-ebd8891f342b",
              "isHook": false,
              "skipped": false
            }
          ],
          "suites": [],
          "passes": [
            "b90a460d-bae2-44f5-8cb1-4eabb44a1be8",
            "8bf3e3ce-4ad3-4155-9fee-d5f08846df1e"
          ],
          "failures": [],
          "pending": [],
          "skipped": [],
          "duration": 9398,
          "root": false,
          "rootEmpty": false,
          "_timeout": 2000
        }
      ],
      "passes": [],
      "failures": [],
      "pending": [],
      "skipped": [],
      "duration": 0,
      "root": true,
      "rootEmpty": true,
      "_timeout": 2000
    },
    {
      "uuid": "d4263508-c021-4cff-8331-59d948d46a45",
      "title": "",
      "fullFile": "cypress/e2e/2test.spec.js",
      "file": "cypress/e2e/2test.spec.js",
      "beforeHooks": [],
      "afterHooks": [],
      "tests": [],
      "suites": [
        {
          "uuid": "a3e61eb3-37b2-47b3-ad59-93fc91c3c5e9",
          "title": "My test suite",
          "fullFile": "",
          "file": "",
          "beforeHooks": [],
          "afterHooks": [],
          "tests": [
            {
              "title": "Purchased product",
              "fullTitle": "My test suite Purchased product",
              "timedOut": null,
              "duration": 13394,
              "state": "passed",
              "speed": "slow",
              "pass": true,
              "fail": false,
              "pending": false,
              "context": null,
              "code": "cy.visit(\"https://rahulshettyacademy.com/angularpractice/\");\ncy.fixture(\"example\").then(data => {\n  _HomePage.onHomePage.getEditBox().type(data.name);\n  _HomePage.onHomePage.getGender().select(data.gender);\n  _HomePage.onHomePage.getTwoWayDataBinding().should(\"have.value\", \"bob\");\n  _HomePage.onHomePage.getMinLength().should(\"have.attr\", \"minlength\", \"2\");\n  _HomePage.onHomePage.getEnterpreneurRadio().should(\"be.visible\");\n  _HomePage.onHomePage.getShopTab().click();\n  data.productName.forEach(element => {\n    cy.selectProduct(element);\n  });\n  _ShopPage.onShopPage.getCheckout().click({\n    force: true\n  });\n  _ShopPage.onShopPage.productTotal();\n  _CheckoutPage.onCheckoutPage.getCartCheckOut().click();\n  _CheckoutPage.onCheckoutPage.getLocation();\n});",
              "err": {},
              "uuid": "24c04484-2b89-46bf-8006-06d23d601bae",
              "parentUUID": "a3e61eb3-37b2-47b3-ad59-93fc91c3c5e9",
              "isHook": false,
              "skipped": false
            },
            {
              "title": "child window 2nd test with target attribute",
              "fullTitle": "My test suite child window 2nd test with target attribute",
              "timedOut": null,
              "duration": 2511,
              "state": "passed",
              "speed": "fast",
              "pass": true,
              "fail": false,
              "pending": false,
              "context": null,
              "code": "_ChildWindowPage.onChildWindowPage.getChildWindowAndBack();",
              "err": {},
              "uuid": "518f7829-d1ac-407b-86c3-fc3c3fa3a95c",
              "parentUUID": "a3e61eb3-37b2-47b3-ad59-93fc91c3c5e9",
              "isHook": false,
              "skipped": false
            },
            {
              "title": "scan the table then select the python and price",
              "fullTitle": "My test suite scan the table then select the python and price",
              "timedOut": null,
              "duration": 9606,
              "state": "passed",
              "speed": "medium",
              "pass": true,
              "fail": false,
              "pending": false,
              "context": null,
              "code": "_TablePage.onTablePage.scanTableRow();",
              "err": {},
              "uuid": "cb4f9e2a-4be4-440c-8e95-288748e90d12",
              "parentUUID": "a3e61eb3-37b2-47b3-ad59-93fc91c3c5e9",
              "isHook": false,
              "skipped": false
            },
            {
              "title": "scan the table then select the SQL and price",
              "fullTitle": "My test suite scan the table then select the SQL and price",
              "timedOut": null,
              "duration": 5880,
              "state": "passed",
              "speed": "medium",
              "pass": true,
              "fail": false,
              "pending": false,
              "context": null,
              "code": "_TablePage.onTablePage.scanSqlRow();",
              "err": {},
              "uuid": "c791747f-a29f-4c07-a193-5836ca66c400",
              "parentUUID": "a3e61eb3-37b2-47b3-ad59-93fc91c3c5e9",
              "isHook": false,
              "skipped": false
            }
          ],
          "suites": [],
          "passes": [
            "24c04484-2b89-46bf-8006-06d23d601bae",
            "518f7829-d1ac-407b-86c3-fc3c3fa3a95c",
            "cb4f9e2a-4be4-440c-8e95-288748e90d12",
            "c791747f-a29f-4c07-a193-5836ca66c400"
          ],
          "failures": [],
          "pending": [],
          "skipped": [],
          "duration": 31391,
          "root": false,
          "rootEmpty": false,
          "_timeout": 2000
        }
      ],
      "passes": [],
      "failures": [],
      "pending": [],
      "skipped": [],
      "duration": 0,
      "root": true,
      "rootEmpty": true,
      "_timeout": 2000
    }
  ],
  "meta": {
    "mocha": {
      "version": "7.0.1"
    },
    "mochawesome": {
      "options": {
        "quiet": false,
        "reportFilename": "mochawesome",
        "saveHtml": false,
        "saveJson": true,
        "consoleReporter": "spec",
        "useInlineDiffs": false,
        "code": true
      },
      "version": "7.1.3"
    },
    "marge": {
      "options": {
        "id": "default",
        "reportDir": "cypress/results/mochawesome",
        "overwrite": false,
        "html": false,
        "json": true
      },
      "version": "6.2.0"
    }
  }
}