{
  "stats": {
    "suites": 2,
    "tests": 2,
    "passes": 0,
    "pending": 0,
    "failures": 2,
    "testsRegistered": 2,
    "passPercent": 0,
    "pendingPercent": 0,
    "other": 0,
    "hasOther": false,
    "skipped": 0,
    "hasSkipped": false,
    "start": "2023-04-14T13:21:51.233Z",
    "end": "2023-04-14T13:22:50.517Z",
    "duration": 59284
  },
  "results": [
    {
      "uuid": "6df87f91-8928-4bc8-9848-687866b5fc2d",
      "title": "",
      "fullFile": "cypress/e2e/test.spec.js",
      "file": "cypress/e2e/test.spec.js",
      "beforeHooks": [],
      "afterHooks": [],
      "tests": [],
      "suites": [
        {
          "uuid": "b215be4c-7c52-434f-9714-acf329e4bba4",
          "title": "My second test suite",
          "fullFile": "",
          "file": "",
          "beforeHooks": [],
          "afterHooks": [],
          "tests": [
            {
              "title": "Child window two",
              "fullTitle": "My second test suite Child window two",
              "timedOut": null,
              "duration": 13767,
              "state": "failed",
              "speed": null,
              "pass": false,
              "fail": true,
              "pending": false,
              "context": null,
              "code": "cy.visit(\"/\");\ncy.get(\"#opentab\").invoke(\"removeAttr\", \"target\").click();\ncy.url().should(\"include\", \"qaclickacademy\");\ncy.go(\"back\");\ncy.url().should(\"contain\", \"https://rahulshettyacademy.com/AutomationPractice/\");",
              "err": {
                "message": "AssertionError: Timed out retrying after 6000ms: expected '' to include 'qaclickacademy'",
                "estack": "AssertionError: Timed out retrying after 6000ms: expected '' to include 'qaclickacademy'\n    at Context.eval (webpack:///./cypress/e2e/test.spec.js:20:13)",
                "diff": null
              },
              "uuid": "1acda1d2-19b9-479f-a9d7-2cebbf84e018",
              "parentUUID": "b215be4c-7c52-434f-9714-acf329e4bba4",
              "isHook": false,
              "skipped": false
            }
          ],
          "suites": [],
          "passes": [],
          "failures": [
            "1acda1d2-19b9-479f-a9d7-2cebbf84e018"
          ],
          "pending": [],
          "skipped": [],
          "duration": 13767,
          "root": false,
          "rootEmpty": false,
          "_timeout": 2000
        }
      ],
      "passes": [],
      "failures": [],
      "pending": [],
      "skipped": [],
      "duration": 0,
      "root": true,
      "rootEmpty": true,
      "_timeout": 2000
    },
    {
      "uuid": "21072af8-6d4c-4b58-9162-999998721bc4",
      "title": "",
      "fullFile": "cypress/e2e/2test.spec.js",
      "file": "cypress/e2e/2test.spec.js",
      "beforeHooks": [],
      "afterHooks": [],
      "tests": [],
      "suites": [
        {
          "uuid": "d590a3bd-5bd7-46dc-a787-b0a9b05968f6",
          "title": "My test suite",
          "fullFile": "",
          "file": "",
          "beforeHooks": [],
          "afterHooks": [],
          "tests": [
            {
              "title": "My first test case",
              "fullTitle": "My test suite My first test case",
              "timedOut": null,
              "duration": 9593,
              "state": "failed",
              "speed": null,
              "pass": false,
              "fail": true,
              "pending": false,
              "context": null,
              "code": "cy.visit(\"https://rahulshettyacademy.com/angularpractice/\");\ncy.fixture(\"example\").then(data => {\n  _HomePage.onHomePage.getEditBox().type(data.name);\n  _HomePage.onHomePage.getGender().select(data.gender);\n  _HomePage.onHomePage.getTwoWayDataBinding().should(\"have.value\", \"bob\");\n  _HomePage.onHomePage.getMinLength().should(\"have.attr\", \"minlength\", \"2\");\n  _HomePage.onHomePage.getEnterpreneurRadio().should(\"be.visible\");\n  _HomePage.onHomePage.getShopTab().click();\n  data.productName.forEach(element => {\n    cy.selectProduct(element);\n  });\n  _ShopPage.onShopPage.getCheckout().click();\n  _ShopPage.onShopPage.productTotal();\n  _CheckoutPage.onCheckoutPage.getCartCheckOut().click();\n  _CheckoutPage.onCheckoutPage.getLocation();\n});",
              "err": {
                "message": "CypressError: Timed out retrying after 6050ms: `cy.click()` failed because this element is not visible:\n\n`<a class=\"nav-link btn btn-primary\">...</a>`\n\nThis element `<a.nav-link.btn.btn-primary>` is not visible because its parent `<div#navbarResponsive.collapse.navbar-collapse>` has CSS property: `display: none`\n\nFix this problem, or use `{force: true}` to disable error checking.\n\nhttps://on.cypress.io/element-cannot-be-interacted-with",
                "estack": "CypressError: Timed out retrying after 6050ms: `cy.click()` failed because this element is not visible:\n\n`<a class=\"nav-link btn btn-primary\">...</a>`\n\nThis element `<a.nav-link.btn.btn-primary>` is not visible because its parent `<div#navbarResponsive.collapse.navbar-collapse>` has CSS property: `display: none`\n\nFix this problem, or use `{force: true}` to disable error checking.\n\nhttps://on.cypress.io/element-cannot-be-interacted-with\n    at runVisibilityCheck (https://rahulshettyacademy.com/__cypress/runner/cypress_runner.js:151815:66)\n    at Object.isStrictlyVisible (https://rahulshettyacademy.com/__cypress/runner/cypress_runner.js:151829:10)\n    at runAllChecks (https://rahulshettyacademy.com/__cypress/runner/cypress_runner.js:130499:26)\n    at retryActionability (https://rahulshettyacademy.com/__cypress/runner/cypress_runner.js:130567:16)\n    at tryCatcher (https://rahulshettyacademy.com/__cypress/runner/cypress_runner.js:8914:23)\n    at Promise.attempt.Promise.try (https://rahulshettyacademy.com/__cypress/runner/cypress_runner.js:6188:29)\n    at whenStable (https://rahulshettyacademy.com/__cypress/runner/cypress_runner.js:146641:65)\n    at <unknown> (https://rahulshettyacademy.com/__cypress/runner/cypress_runner.js:146082:14)\n    at tryCatcher (https://rahulshettyacademy.com/__cypress/runner/cypress_runner.js:8914:23)\n    at Promise._settlePromiseFromHandler (https://rahulshettyacademy.com/__cypress/runner/cypress_runner.js:6849:31)\n    at Promise._settlePromise (https://rahulshettyacademy.com/__cypress/runner/cypress_runner.js:6906:18)\n    at Promise._settlePromise0 (https://rahulshettyacademy.com/__cypress/runner/cypress_runner.js:6951:10)\n    at Promise._settlePromises (https://rahulshettyacademy.com/__cypress/runner/cypress_runner.js:7031:18)\n    at Promise._fulfill (https://rahulshettyacademy.com/__cypress/runner/cypress_runner.js:6975:18)\n    at <unknown> (https://rahulshettyacademy.com/__cypress/runner/cypress_runner.js:8589:46)\nFrom Your Spec Code:\n    at Context.eval (webpack:///./cypress/e2e/2test.spec.js:21:31)",
                "diff": null
              },
              "uuid": "0c91a614-be6b-49a4-8f44-d8ce7ef02e6e",
              "parentUUID": "d590a3bd-5bd7-46dc-a787-b0a9b05968f6",
              "isHook": false,
              "skipped": false
            }
          ],
          "suites": [],
          "passes": [],
          "failures": [
            "0c91a614-be6b-49a4-8f44-d8ce7ef02e6e"
          ],
          "pending": [],
          "skipped": [],
          "duration": 9593,
          "root": false,
          "rootEmpty": false,
          "_timeout": 2000
        }
      ],
      "passes": [],
      "failures": [],
      "pending": [],
      "skipped": [],
      "duration": 0,
      "root": true,
      "rootEmpty": true,
      "_timeout": 2000
    }
  ],
  "meta": {
    "mocha": {
      "version": "7.0.1"
    },
    "mochawesome": {
      "options": {
        "quiet": false,
        "reportFilename": "mochawesome",
        "saveHtml": false,
        "saveJson": true,
        "consoleReporter": "spec",
        "useInlineDiffs": false,
        "code": true
      },
      "version": "7.1.3"
    },
    "marge": {
      "options": {
        "id": "default",
        "reportDir": "cypress/results/mochawesome",
        "overwrite": false,
        "html": false,
        "json": true
      },
      "version": "6.2.0"
    }
  }
}