{
  "stats": {
    "suites": 1,
    "tests": 1,
    "passes": 1,
    "pending": 0,
    "failures": 0,
    "start": "2023-07-29T14:01:05.670Z",
    "end": "2023-07-29T14:01:19.148Z",
    "duration": 13478,
    "testsRegistered": 1,
    "passPercent": 100,
    "pendingPercent": 0,
    "other": 0,
    "hasOther": false,
    "skipped": 0,
    "hasSkipped": false
  },
  "results": [
    {
      "uuid": "3cac4ea7-182d-4a26-8b0d-c354b00bafa3",
      "title": "",
      "fullFile": "cypress/e2e/2test.spec.js",
      "file": "cypress/e2e/2test.spec.js",
      "beforeHooks": [],
      "afterHooks": [],
      "tests": [],
      "suites": [
        {
          "uuid": "b9667a06-7526-4133-99ea-6eae93d632a9",
          "title": "My test suite",
          "fullFile": "",
          "file": "",
          "beforeHooks": [],
          "afterHooks": [],
          "tests": [
            {
              "title": "scan the table then select the SQL and price",
              "fullTitle": "My test suite scan the table then select the SQL and price",
              "timedOut": null,
              "duration": 13335,
              "state": "passed",
              "speed": "slow",
              "pass": true,
              "fail": false,
              "pending": false,
              "context": null,
              "code": "_TablePage.onTablePage.scanSqlRow();",
              "err": {},
              "uuid": "237cb6ac-def7-4890-8290-d7e5dea547f5",
              "parentUUID": "b9667a06-7526-4133-99ea-6eae93d632a9",
              "isHook": false,
              "skipped": false
            }
          ],
          "suites": [],
          "passes": [
            "237cb6ac-def7-4890-8290-d7e5dea547f5"
          ],
          "failures": [],
          "pending": [],
          "skipped": [],
          "duration": 13335,
          "root": false,
          "rootEmpty": false,
          "_timeout": 2000
        }
      ],
      "passes": [],
      "failures": [],
      "pending": [],
      "skipped": [],
      "duration": 0,
      "root": true,
      "rootEmpty": true,
      "_timeout": 2000
    }
  ],
  "meta": {
    "mocha": {
      "version": "7.0.1"
    },
    "mochawesome": {
      "options": {
        "quiet": false,
        "reportFilename": "mochawesome",
        "saveHtml": false,
        "saveJson": true,
        "consoleReporter": "spec",
        "useInlineDiffs": false,
        "code": true
      },
      "version": "7.1.3"
    },
    "marge": {
      "options": {
        "id": "default",
        "reportDir": "cypress/results/mochawesome",
        "overwrite": false,
        "html": false,
        "json": true
      },
      "version": "6.2.0"
    }
  }
}