{
  "stats": {
    "suites": 1,
    "tests": 1,
    "passes": 1,
    "pending": 0,
    "failures": 0,
    "start": "2023-07-04T20:43:12.316Z",
    "end": "2023-07-04T20:43:24.208Z",
    "duration": 11892,
    "testsRegistered": 1,
    "passPercent": 100,
    "pendingPercent": 0,
    "other": 0,
    "hasOther": false,
    "skipped": 0,
    "hasSkipped": false
  },
  "results": [
    {
      "uuid": "36c56f94-9ddb-4cad-8bfb-05fe7a95bee7",
      "title": "",
      "fullFile": "cypress/e2e/2test.spec.js",
      "file": "cypress/e2e/2test.spec.js",
      "beforeHooks": [],
      "afterHooks": [],
      "tests": [],
      "suites": [
        {
          "uuid": "5a134582-4309-4ef1-abfe-d7743a72371d",
          "title": "My test suite",
          "fullFile": "",
          "file": "",
          "beforeHooks": [],
          "afterHooks": [],
          "tests": [
            {
              "title": "scan the table then select the SQL and price",
              "fullTitle": "My test suite scan the table then select the SQL and price",
              "timedOut": null,
              "duration": 11778,
              "state": "passed",
              "speed": "slow",
              "pass": true,
              "fail": false,
              "pending": false,
              "context": null,
              "code": "_TablePage.onTablePage.scanSqlRow();",
              "err": {},
              "uuid": "07662174-8ae5-4dd1-87c5-65d8dd53a998",
              "parentUUID": "5a134582-4309-4ef1-abfe-d7743a72371d",
              "isHook": false,
              "skipped": false
            }
          ],
          "suites": [],
          "passes": [
            "07662174-8ae5-4dd1-87c5-65d8dd53a998"
          ],
          "failures": [],
          "pending": [],
          "skipped": [],
          "duration": 11778,
          "root": false,
          "rootEmpty": false,
          "_timeout": 2000
        }
      ],
      "passes": [],
      "failures": [],
      "pending": [],
      "skipped": [],
      "duration": 0,
      "root": true,
      "rootEmpty": true,
      "_timeout": 2000
    }
  ],
  "meta": {
    "mocha": {
      "version": "7.0.1"
    },
    "mochawesome": {
      "options": {
        "quiet": false,
        "reportFilename": "mochawesome",
        "saveHtml": false,
        "saveJson": true,
        "consoleReporter": "spec",
        "useInlineDiffs": false,
        "code": true
      },
      "version": "7.1.3"
    },
    "marge": {
      "options": {
        "id": "default",
        "reportDir": "cypress/results/mochawesome",
        "overwrite": false,
        "html": false,
        "json": true
      },
      "version": "6.2.0"
    }
  }
}