{
  "stats": {
    "suites": 1,
    "tests": 4,
    "passes": 4,
    "pending": 0,
    "failures": 0,
    "start": "2023-12-28T14:20:59.473Z",
    "end": "2023-12-28T14:21:27.751Z",
    "duration": 28278,
    "testsRegistered": 4,
    "passPercent": 100,
    "pendingPercent": 0,
    "other": 0,
    "hasOther": false,
    "skipped": 0,
    "hasSkipped": false
  },
  "results": [
    {
      "uuid": "e78acfe4-4e90-4add-9cb0-eb7abd4414d7",
      "title": "",
      "fullFile": "cypress/e2e/2test.spec.js",
      "file": "cypress/e2e/2test.spec.js",
      "beforeHooks": [],
      "afterHooks": [],
      "tests": [],
      "suites": [
        {
          "uuid": "a969caa0-16e5-4129-ad97-ca358716e6d3",
          "title": "My test suite",
          "fullFile": "",
          "file": "",
          "beforeHooks": [],
          "afterHooks": [],
          "tests": [
            {
              "title": "Purchased product",
              "fullTitle": "My test suite Purchased product",
              "timedOut": null,
              "duration": 11393,
              "state": "passed",
              "speed": "slow",
              "pass": true,
              "fail": false,
              "pending": false,
              "context": null,
              "code": "cy.visit(\"https://rahulshettyacademy.com/angularpractice/\");\ncy.fixture(\"example\").then(data => {\n  _HomePage.onHomePage.getEditBox().type(data.name);\n  _HomePage.onHomePage.getGender().select(data.gender);\n  _HomePage.onHomePage.getTwoWayDataBinding().should(\"have.value\", \"bob\");\n  _HomePage.onHomePage.getMinLength().should(\"have.attr\", \"minlength\", \"2\");\n  _HomePage.onHomePage.getEnterpreneurRadio().should(\"be.visible\");\n  _HomePage.onHomePage.getShopTab().click();\n  data.productName.forEach(element => {\n    cy.selectProduct(element);\n  });\n  _ShopPage.onShopPage.getCheckout().click({\n    force: true\n  });\n  _ShopPage.onShopPage.productTotal();\n  _CheckoutPage.onCheckoutPage.getCartCheckOut().click();\n  _CheckoutPage.onCheckoutPage.getLocation();\n});",
              "err": {},
              "uuid": "20b778ca-1fe2-4a69-8018-7136128d3a42",
              "parentUUID": "a969caa0-16e5-4129-ad97-ca358716e6d3",
              "isHook": false,
              "skipped": false
            },
            {
              "title": "child window 2nd test with target attribute",
              "fullTitle": "My test suite child window 2nd test with target attribute",
              "timedOut": null,
              "duration": 1444,
              "state": "passed",
              "speed": "fast",
              "pass": true,
              "fail": false,
              "pending": false,
              "context": null,
              "code": "_ChildWindowPage.onChildWindowPage.getChildWindowAndBack();",
              "err": {},
              "uuid": "fdea8478-0f2d-4b0f-b109-7d438b644448",
              "parentUUID": "a969caa0-16e5-4129-ad97-ca358716e6d3",
              "isHook": false,
              "skipped": false
            },
            {
              "title": "scan the table then select the python and price",
              "fullTitle": "My test suite scan the table then select the python and price",
              "timedOut": null,
              "duration": 8278,
              "state": "passed",
              "speed": "medium",
              "pass": true,
              "fail": false,
              "pending": false,
              "context": null,
              "code": "_TablePage.onTablePage.scanTableRow();",
              "err": {},
              "uuid": "fbf3fb4f-b2e2-4734-99e9-4176106e9610",
              "parentUUID": "a969caa0-16e5-4129-ad97-ca358716e6d3",
              "isHook": false,
              "skipped": false
            },
            {
              "title": "scan the table then select the SQL and price",
              "fullTitle": "My test suite scan the table then select the SQL and price",
              "timedOut": null,
              "duration": 2350,
              "state": "passed",
              "speed": "fast",
              "pass": true,
              "fail": false,
              "pending": false,
              "context": null,
              "code": "_TablePage.onTablePage.scanSqlRow();",
              "err": {},
              "uuid": "c2d2654b-17dc-4090-a1da-80c17aa44b57",
              "parentUUID": "a969caa0-16e5-4129-ad97-ca358716e6d3",
              "isHook": false,
              "skipped": false
            }
          ],
          "suites": [],
          "passes": [
            "20b778ca-1fe2-4a69-8018-7136128d3a42",
            "fdea8478-0f2d-4b0f-b109-7d438b644448",
            "fbf3fb4f-b2e2-4734-99e9-4176106e9610",
            "c2d2654b-17dc-4090-a1da-80c17aa44b57"
          ],
          "failures": [],
          "pending": [],
          "skipped": [],
          "duration": 23465,
          "root": false,
          "rootEmpty": false,
          "_timeout": 2000
        }
      ],
      "passes": [],
      "failures": [],
      "pending": [],
      "skipped": [],
      "duration": 0,
      "root": true,
      "rootEmpty": true,
      "_timeout": 2000
    }
  ],
  "meta": {
    "mocha": {
      "version": "7.0.1"
    },
    "mochawesome": {
      "options": {
        "quiet": false,
        "reportFilename": "mochawesome",
        "saveHtml": false,
        "saveJson": true,
        "consoleReporter": "spec",
        "useInlineDiffs": false,
        "code": true
      },
      "version": "7.1.3"
    },
    "marge": {
      "options": {
        "id": "default",
        "reportDir": "cypress/results/mochawesome",
        "overwrite": false,
        "html": false,
        "json": true
      },
      "version": "6.2.0"
    }
  }
}