{
  "stats": {
    "suites": 1,
    "tests": 4,
    "passes": 4,
    "pending": 0,
    "failures": 0,
    "start": "2024-04-25T16:01:57.022Z",
    "end": "2024-04-25T16:02:48.015Z",
    "duration": 50993,
    "testsRegistered": 4,
    "passPercent": 100,
    "pendingPercent": 0,
    "other": 0,
    "hasOther": false,
    "skipped": 0,
    "hasSkipped": false
  },
  "results": [
    {
      "uuid": "d4263508-c021-4cff-8331-59d948d46a45",
      "title": "",
      "fullFile": "cypress/e2e/2test.spec.js",
      "file": "cypress/e2e/2test.spec.js",
      "beforeHooks": [],
      "afterHooks": [],
      "tests": [],
      "suites": [
        {
          "uuid": "a3e61eb3-37b2-47b3-ad59-93fc91c3c5e9",
          "title": "My test suite",
          "fullFile": "",
          "file": "",
          "beforeHooks": [],
          "afterHooks": [],
          "tests": [
            {
              "title": "Purchased product",
              "fullTitle": "My test suite Purchased product",
              "timedOut": null,
              "duration": 13394,
              "state": "passed",
              "speed": "slow",
              "pass": true,
              "fail": false,
              "pending": false,
              "context": null,
              "code": "cy.visit(\"https://rahulshettyacademy.com/angularpractice/\");\ncy.fixture(\"example\").then(data => {\n  _HomePage.onHomePage.getEditBox().type(data.name);\n  _HomePage.onHomePage.getGender().select(data.gender);\n  _HomePage.onHomePage.getTwoWayDataBinding().should(\"have.value\", \"bob\");\n  _HomePage.onHomePage.getMinLength().should(\"have.attr\", \"minlength\", \"2\");\n  _HomePage.onHomePage.getEnterpreneurRadio().should(\"be.visible\");\n  _HomePage.onHomePage.getShopTab().click();\n  data.productName.forEach(element => {\n    cy.selectProduct(element);\n  });\n  _ShopPage.onShopPage.getCheckout().click({\n    force: true\n  });\n  _ShopPage.onShopPage.productTotal();\n  _CheckoutPage.onCheckoutPage.getCartCheckOut().click();\n  _CheckoutPage.onCheckoutPage.getLocation();\n});",
              "err": {},
              "uuid": "24c04484-2b89-46bf-8006-06d23d601bae",
              "parentUUID": "a3e61eb3-37b2-47b3-ad59-93fc91c3c5e9",
              "isHook": false,
              "skipped": false
            },
            {
              "title": "child window 2nd test with target attribute",
              "fullTitle": "My test suite child window 2nd test with target attribute",
              "timedOut": null,
              "duration": 2511,
              "state": "passed",
              "speed": "fast",
              "pass": true,
              "fail": false,
              "pending": false,
              "context": null,
              "code": "_ChildWindowPage.onChildWindowPage.getChildWindowAndBack();",
              "err": {},
              "uuid": "518f7829-d1ac-407b-86c3-fc3c3fa3a95c",
              "parentUUID": "a3e61eb3-37b2-47b3-ad59-93fc91c3c5e9",
              "isHook": false,
              "skipped": false
            },
            {
              "title": "scan the table then select the python and price",
              "fullTitle": "My test suite scan the table then select the python and price",
              "timedOut": null,
              "duration": 9606,
              "state": "passed",
              "speed": "medium",
              "pass": true,
              "fail": false,
              "pending": false,
              "context": null,
              "code": "_TablePage.onTablePage.scanTableRow();",
              "err": {},
              "uuid": "cb4f9e2a-4be4-440c-8e95-288748e90d12",
              "parentUUID": "a3e61eb3-37b2-47b3-ad59-93fc91c3c5e9",
              "isHook": false,
              "skipped": false
            },
            {
              "title": "scan the table then select the SQL and price",
              "fullTitle": "My test suite scan the table then select the SQL and price",
              "timedOut": null,
              "duration": 5880,
              "state": "passed",
              "speed": "medium",
              "pass": true,
              "fail": false,
              "pending": false,
              "context": null,
              "code": "_TablePage.onTablePage.scanSqlRow();",
              "err": {},
              "uuid": "c791747f-a29f-4c07-a193-5836ca66c400",
              "parentUUID": "a3e61eb3-37b2-47b3-ad59-93fc91c3c5e9",
              "isHook": false,
              "skipped": false
            }
          ],
          "suites": [],
          "passes": [
            "24c04484-2b89-46bf-8006-06d23d601bae",
            "518f7829-d1ac-407b-86c3-fc3c3fa3a95c",
            "cb4f9e2a-4be4-440c-8e95-288748e90d12",
            "c791747f-a29f-4c07-a193-5836ca66c400"
          ],
          "failures": [],
          "pending": [],
          "skipped": [],
          "duration": 31391,
          "root": false,
          "rootEmpty": false,
          "_timeout": 2000
        }
      ],
      "passes": [],
      "failures": [],
      "pending": [],
      "skipped": [],
      "duration": 0,
      "root": true,
      "rootEmpty": true,
      "_timeout": 2000
    }
  ],
  "meta": {
    "mocha": {
      "version": "7.0.1"
    },
    "mochawesome": {
      "options": {
        "quiet": false,
        "reportFilename": "mochawesome",
        "saveHtml": false,
        "saveJson": true,
        "consoleReporter": "spec",
        "useInlineDiffs": false,
        "code": true
      },
      "version": "7.1.3"
    },
    "marge": {
      "options": {
        "id": "default",
        "reportDir": "cypress/results/mochawesome",
        "overwrite": false,
        "html": false,
        "json": true
      },
      "version": "6.2.0"
    }
  }
}