{
  "stats": {
    "suites": 1,
    "tests": 1,
    "passes": 0,
    "pending": 0,
    "failures": 1,
    "start": "2023-04-14T13:22:17.401Z",
    "end": "2023-04-14T13:22:50.517Z",
    "duration": 33116,
    "testsRegistered": 1,
    "passPercent": 0,
    "pendingPercent": 0,
    "other": 0,
    "hasOther": false,
    "skipped": 0,
    "hasSkipped": false
  },
  "results": [
    {
      "uuid": "6df87f91-8928-4bc8-9848-687866b5fc2d",
      "title": "",
      "fullFile": "cypress/e2e/test.spec.js",
      "file": "cypress/e2e/test.spec.js",
      "beforeHooks": [],
      "afterHooks": [],
      "tests": [],
      "suites": [
        {
          "uuid": "b215be4c-7c52-434f-9714-acf329e4bba4",
          "title": "My second test suite",
          "fullFile": "",
          "file": "",
          "beforeHooks": [],
          "afterHooks": [],
          "tests": [
            {
              "title": "Child window two",
              "fullTitle": "My second test suite Child window two",
              "timedOut": null,
              "duration": 13767,
              "state": "failed",
              "speed": null,
              "pass": false,
              "fail": true,
              "pending": false,
              "context": null,
              "code": "cy.visit(\"/\");\ncy.get(\"#opentab\").invoke(\"removeAttr\", \"target\").click();\ncy.url().should(\"include\", \"qaclickacademy\");\ncy.go(\"back\");\ncy.url().should(\"contain\", \"https://rahulshettyacademy.com/AutomationPractice/\");",
              "err": {
                "message": "AssertionError: Timed out retrying after 6000ms: expected '' to include 'qaclickacademy'",
                "estack": "AssertionError: Timed out retrying after 6000ms: expected '' to include 'qaclickacademy'\n    at Context.eval (webpack:///./cypress/e2e/test.spec.js:20:13)",
                "diff": null
              },
              "uuid": "1acda1d2-19b9-479f-a9d7-2cebbf84e018",
              "parentUUID": "b215be4c-7c52-434f-9714-acf329e4bba4",
              "isHook": false,
              "skipped": false
            }
          ],
          "suites": [],
          "passes": [],
          "failures": [
            "1acda1d2-19b9-479f-a9d7-2cebbf84e018"
          ],
          "pending": [],
          "skipped": [],
          "duration": 13767,
          "root": false,
          "rootEmpty": false,
          "_timeout": 2000
        }
      ],
      "passes": [],
      "failures": [],
      "pending": [],
      "skipped": [],
      "duration": 0,
      "root": true,
      "rootEmpty": true,
      "_timeout": 2000
    }
  ],
  "meta": {
    "mocha": {
      "version": "7.0.1"
    },
    "mochawesome": {
      "options": {
        "quiet": false,
        "reportFilename": "mochawesome",
        "saveHtml": false,
        "saveJson": true,
        "consoleReporter": "spec",
        "useInlineDiffs": false,
        "code": true
      },
      "version": "7.1.3"
    },
    "marge": {
      "options": {
        "id": "default",
        "reportDir": "cypress/results/mochawesome",
        "overwrite": false,
        "html": false,
        "json": true
      },
      "version": "6.2.0"
    }
  }
}