<?xml version="1.0" encoding="UTF-8"?>
<testsuites name="Mocha Tests" time="11.892" tests="1" failures="0">
  <testsuite name="Root Suite" timestamp="2023-07-04T20:43:12" tests="0" file="cypress/e2e/2test.spec.js" time="0.000" failures="0">
  </testsuite>
  <testsuite name="My test suite" timestamp="2023-07-04T20:43:12" tests="1" time="11.863" failures="0">
    <testcase name="My test suite scan the table then select the SQL and price" time="11.778" classname="scan the table then select the SQL and price">
    </testcase>
  </testsuite>
</testsuites>